{"uuid":"07760d4f-1230-4258-a32a-9dfae062350f","historyId":"23f3a7d5096400f021c910c47c59ae7e","fullName":"tests.homePageTests.HomePageTests.addSomeItemsToCart","labels":[{"name":"package","value":"tests.homePageTests.HomePageTests"},{"name":"testClass","value":"tests.homePageTests.HomePageTests"},{"name":"testMethod","value":"addSomeItemsToCart"},{"name":"parentSuite","value":"Default Suite"},{"name":"suite","value":"com.saucedemo"},{"name":"subSuite","value":"tests.homePageTests.HomePageTests"},{"name":"host","value":"DESKTOP-SP408RB"},{"name":"thread","value":"712@DESKTOP-SP408RB.main(1)"}],"links":[],"name":"It is possible to add some items to cart","status":"failed","statusDetails":{"known":false,"muted":false,"flaky":false,"message":"expected [3] but found [2]","trace":"java.lang.AssertionError: expected [3] but found [2]\r\n\tat org.testng.Assert.fail(Assert.java:94)\r\n\tat org.testng.Assert.failNotEquals(Assert.java:494)\r\n\tat org.testng.Assert.assertEquals(Assert.java:123)\r\n\tat org.testng.Assert.assertEquals(Assert.java:176)\r\n\tat org.testng.Assert.assertEquals(Assert.java:186)\r\n\tat pages.storePage.StorePage.checkCartHasTwoItems_aroundBody8(StorePage.java:47)\r\n\tat pages.storePage.StorePage$AjcClosure9.run(StorePage.java:1)\r\n\tat org.aspectj.runtime.reflect.JoinPointImpl.proceed(JoinPointImpl.java:149)\r\n\tat io.qameta.allure.aspects.StepsAspects.step(StepsAspects.java:51)\r\n\tat pages.storePage.StorePage.checkCartHasTwoItems(StorePage.java:47)\r\n\tat tests.homePageTests.HomePageTests.addSomeItemsToCart(HomePageTests.java:52)\r\n\tat sun.reflect.NativeMethodAccessorImpl.invoke0(Native Method)\r\n\tat sun.reflect.NativeMethodAccessorImpl.invoke(NativeMethodAccessorImpl.java:62)\r\n\tat sun.reflect.DelegatingMethodAccessorImpl.invoke(DelegatingMethodAccessorImpl.java:43)\r\n\tat java.lang.reflect.Method.invoke(Method.java:498)\r\n\tat org.testng.internal.MethodInvocationHelper.invokeMethod(MethodInvocationHelper.java:84)\r\n\tat org.testng.internal.Invoker.invokeMethod(Invoker.java:714)\r\n\tat org.testng.internal.Invoker.invokeTestMethod(Invoker.java:901)\r\n\tat org.testng.internal.Invoker.invokeTestMethods(Invoker.java:1231)\r\n\tat org.testng.internal.TestMethodWorker.invokeTestMethods(TestMethodWorker.java:127)\r\n\tat org.testng.internal.TestMethodWorker.run(TestMethodWorker.java:111)\r\n\tat org.testng.TestRunner.privateRun(TestRunner.java:767)\r\n\tat org.testng.TestRunner.run(TestRunner.java:617)\r\n\tat org.testng.SuiteRunner.runTest(SuiteRunner.java:348)\r\n\tat org.testng.SuiteRunner.runSequentially(SuiteRunner.java:343)\r\n\tat org.testng.SuiteRunner.privateRun(SuiteRunner.java:305)\r\n\tat org.testng.SuiteRunner.run(SuiteRunner.java:254)\r\n\tat org.testng.SuiteRunnerWorker.runSuite(SuiteRunnerWorker.java:52)\r\n\tat org.testng.SuiteRunnerWorker.run(SuiteRunnerWorker.java:86)\r\n\tat org.testng.TestNG.runSuitesSequentially(TestNG.java:1224)\r\n\tat org.testng.TestNG.runSuitesLocally(TestNG.java:1149)\r\n\tat org.testng.TestNG.run(TestNG.java:1057)\r\n\tat com.intellij.rt.testng.IDEARemoteTestNG.run(IDEARemoteTestNG.java:66)\r\n\tat com.intellij.rt.testng.RemoteTestNGStarter.main(RemoteTestNGStarter.java:110)\r\n"},"stage":"finished","start":1657878378430,"stop":1657878379576,"steps":[{"name":"Entering correct credentials","status":"passed","stage":"finished","start":1657878378902,"stop":1657878379147},{"name":"Clicking Log In button","status":"passed","stage":"finished","start":1657878379148,"stop":1657878379265},{"name":"We are on the StorePage page","status":"passed","stage":"finished","start":1657878379266,"stop":1657878379373},{"name":"Checking cart is empty","status":"passed","stage":"finished","start":1657878379373,"stop":1657878379395},{"name":"Adding first element to cart","status":"passed","stage":"finished","start":1657878379395,"stop":1657878379474},{"name":"Adding second element to cart","status":"passed","stage":"finished","start":1657878379475,"stop":1657878379526},{"name":"Checking cart has 2 items","status":"failed","statusDetails":{"known":false,"muted":false,"flaky":false,"message":"expected [3] but found [2]","trace":"java.lang.AssertionError: expected [3] but found [2]\r\n\tat org.testng.Assert.fail(Assert.java:94)\r\n\tat org.testng.Assert.failNotEquals(Assert.java:494)\r\n\tat org.testng.Assert.assertEquals(Assert.java:123)\r\n\tat org.testng.Assert.assertEquals(Assert.java:176)\r\n\tat org.testng.Assert.assertEquals(Assert.java:186)\r\n\tat pages.storePage.StorePage.checkCartHasTwoItems_aroundBody8(StorePage.java:47)\r\n\tat pages.storePage.StorePage$AjcClosure9.run(StorePage.java:1)\r\n\tat org.aspectj.runtime.reflect.JoinPointImpl.proceed(JoinPointImpl.java:149)\r\n\tat io.qameta.allure.aspects.StepsAspects.step(StepsAspects.java:51)\r\n\tat pages.storePage.StorePage.checkCartHasTwoItems(StorePage.java:47)\r\n\tat tests.homePageTests.HomePageTests.addSomeItemsToCart(HomePageTests.java:52)\r\n\tat sun.reflect.NativeMethodAccessorImpl.invoke0(Native Method)\r\n\tat sun.reflect.NativeMethodAccessorImpl.invoke(NativeMethodAccessorImpl.java:62)\r\n\tat sun.reflect.DelegatingMethodAccessorImpl.invoke(DelegatingMethodAccessorImpl.java:43)\r\n\tat java.lang.reflect.Method.invoke(Method.java:498)\r\n\tat org.testng.internal.MethodInvocationHelper.invokeMethod(MethodInvocationHelper.java:84)\r\n\tat org.testng.internal.Invoker.invokeMethod(Invoker.java:714)\r\n\tat org.testng.internal.Invoker.invokeTestMethod(Invoker.java:901)\r\n\tat org.testng.internal.Invoker.invokeTestMethods(Invoker.java:1231)\r\n\tat org.testng.internal.TestMethodWorker.invokeTestMethods(TestMethodWorker.java:127)\r\n\tat org.testng.internal.TestMethodWorker.run(TestMethodWorker.java:111)\r\n\tat org.testng.TestRunner.privateRun(TestRunner.java:767)\r\n\tat org.testng.TestRunner.run(TestRunner.java:617)\r\n\tat org.testng.SuiteRunner.runTest(SuiteRunner.java:348)\r\n\tat org.testng.SuiteRunner.runSequentially(SuiteRunner.java:343)\r\n\tat org.testng.SuiteRunner.privateRun(SuiteRunner.java:305)\r\n\tat org.testng.SuiteRunner.run(SuiteRunner.java:254)\r\n\tat org.testng.SuiteRunnerWorker.runSuite(SuiteRunnerWorker.java:52)\r\n\tat org.testng.SuiteRunnerWorker.run(SuiteRunnerWorker.java:86)\r\n\tat org.testng.TestNG.runSuitesSequentially(TestNG.java:1224)\r\n\tat org.testng.TestNG.runSuitesLocally(TestNG.java:1149)\r\n\tat org.testng.TestNG.run(TestNG.java:1057)\r\n\tat com.intellij.rt.testng.IDEARemoteTestNG.run(IDEARemoteTestNG.java:66)\r\n\tat com.intellij.rt.testng.RemoteTestNGStarter.main(RemoteTestNGStarter.java:110)\r\n"},"stage":"finished","start":1657878379527,"stop":1657878379570}],"parameters":[]}